<?xml version="1.0" encoding="UTF-8"?>
<!-- Generated by org.testng.reporters.JUnitReportReporter -->
<testsuite hostname="DESKTOP-QAFQ98M" failures="0" tests="1" name="com.wiprojuly.testng.CheckoutProcess" time="21.309" errors="0" timestamp="2025-09-07T21:04:19 IST" skipped="0">
  <testcase classname="com.wiprojuly.testng.CheckoutProcess" name="checkoutOrder" time="21.309"/>
</testsuite> <!-- com.wiprojuly.testng.CheckoutProcess -->
