<?xml version="1.0" encoding="UTF-8"?>
<!-- Generated by org.testng.reporters.JUnitReportReporter -->
<testsuite hostname="DESKTOP-QAFQ98M" failures="0" tests="1" name="com.wiprojuly.testng.ProductDetailsAndCart" time="12.239" errors="0" timestamp="2025-09-07T21:04:19 IST" skipped="0">
  <testcase classname="com.wiprojuly.testng.ProductDetailsAndCart" name="addMacBookAirToCart" time="12.239"/>
</testsuite> <!-- com.wiprojuly.testng.ProductDetailsAndCart -->
