<?xml version="1.0" encoding="UTF-8"?>
<!-- Generated by org.testng.reporters.JUnitReportReporter -->
<testsuite hostname="DESKTOP-QAFQ98M" failures="0" tests="2" name="com.wiprojuly.testng.UserAccountManagement" time="19.669" errors="0" timestamp="2025-09-07T21:04:19 IST" skipped="0">
  <testcase classname="com.wiprojuly.testng.UserAccountManagement" name="login" time="15.165"/>
  <testcase classname="com.wiprojuly.testng.UserAccountManagement" name="verifyNoForgotPassword" time="4.504"/>
</testsuite> <!-- com.wiprojuly.testng.UserAccountManagement -->
